#
# A fatal error has been detected by the Java Runtime Environment:
#
#  Internal Error (javaClasses.cpp:129), pid=17063, tid=3060652864
#  fatal error: Invalid layout of preloaded class
#
# JRE version: 7.0_09-b30
# Java VM: OpenJDK Server VM (23.2-b09 mixed mode linux-x86 )
# Failed to write core dump. Core dumps have been disabled. To enable core dumping, try "ulimit -c unlimited" before starting Java again
#
# If you would like to submit a bug report, please include
# instructions on how to reproduce the bug and visit:
#   https://bugs.launchpad.net/ubuntu/+source/openjdk-7/
#

---------------  T H R E A D  ---------------

Current thread (0xb6506c00):  JavaThread "Unknown thread" [_thread_in_vm, id=17067, stack(0xb668d000,0xb66de000)]

Stack: [0xb668d000,0xb66de000]
[error occurred during error reporting (printing stack bounds), id 0xb]


[error occurred during error reporting (printing native stack), id 0xb]


---------------  P R O C E S S  ---------------

Java Threads: ( => current thread )

Other Threads:

=>0xb6506c00 (exited) JavaThread "Unknown thread" [_thread_in_vm, id=17067, stack(0xb668d000,0xb66de000)]

VM state:not at safepoint (not fully initialized)

VM Mutex/Monitor currently owned by a thread: None

GC Heap History (0 events):
No events

Deoptimization events (0 events):
No events

Internal exceptions (0 events):
No events

Events (10 events):
Event: 0.006 loading class 0xb6535620 done
Event: 0.006 loading class 0xb6534f60 done
Event: 0.006 loading class 0xb6534f38
Event: 0.006 loading class 0xb6554e00
Event: 0.006 loading class 0xb6554e00 done
Event: 0.006 loading class 0xb6554e38
Event: 0.006 loading class 0xb6554e38 done
Event: 0.006 loading class 0xb6554e70
Event: 0.006 loading class 0xb6554e70 done
Event: 0.006 loading class 0xb6534f38 done


Dynamic libraries:
08048000-08049000 r-xp 00000000 08:01 1186735    /usr/lib/jvm/java-7-openjdk-i386/jre/bin/java
08049000-0804a000 r--p 00000000 08:01 1186735    /usr/lib/jvm/java-7-openjdk-i386/jre/bin/java
0804a000-0804b000 rw-p 00001000 08:01 1186735    /usr/lib/jvm/java-7-openjdk-i386/jre/bin/java
086ff000-08720000 rw-p 00000000 00:00 0          [heap]
678d7000-678fb000 rw-p 00000000 00:00 0 
678fb000-679c0000 r--s 0115c000 08:02 3804541    /home/deximat/Downloads/adt-bundle-linux-x86/sdk/platforms/android-17/android.jar
679c0000-6a900000 rw-p 00000000 00:00 0 
6a900000-6a921000 rw-p 00000000 00:00 0 
6a921000-6aa00000 ---p 00000000 00:00 0 
6aa7f000-6aa80000 ---p 00000000 00:00 0 
6aa80000-6ab00000 rw-p 00000000 00:00 0          [stack:17073]
6ab00000-6ab21000 rw-p 00000000 00:00 0 
6ab21000-6ac00000 ---p 00000000 00:00 0 
6ac00000-6ac21000 rw-p 00000000 00:00 0 
6ac21000-6ad00000 ---p 00000000 00:00 0 
6ad7f000-6ad80000 ---p 00000000 00:00 0 
6ad80000-6ae00000 rw-p 00000000 00:00 0          [stack:17072]
6ae00000-6ae21000 rw-p 00000000 00:00 0 
6ae21000-6af00000 ---p 00000000 00:00 0 
6af67000-6af68000 ---p 00000000 00:00 0 
6af68000-6afe8000 rw-p 00000000 00:00 0          [stack:17071]
6afe8000-6afe9000 ---p 00000000 00:00 0 
6afe9000-6b071000 rw-p 00000000 00:00 0          [stack:17070]
6b071000-6b0a9000 rw-p 00000000 00:00 0 
6b0a9000-6b0bf000 rw-p 00000000 00:00 0 
6b0bf000-6b1ff000 rw-p 00000000 00:00 0 
6b1ff000-6b207000 rw-p 00000000 00:00 0 
6b207000-6b23f000 rw-p 00000000 00:00 0 
6b23f000-6b255000 rw-p 00000000 00:00 0 
6b255000-6b394000 rw-p 00000000 00:00 0 
6b394000-6b39f000 rw-p 00000000 00:00 0 
6b39f000-6b43f000 rw-p 00000000 00:00 0 
6b43f000-6c440000 rw-p 00000000 00:00 0 
6c440000-73440000 rw-p 00000000 00:00 0 
73440000-75ef0000 rw-p 00000000 00:00 0 
75ef0000-9def0000 rw-p 00000000 00:00 0 
9def0000-9f440000 rw-p 00000000 00:00 0 
9f440000-b3440000 rw-p 00000000 00:00 0 
b3440000-b3449000 rw-p 00000000 00:00 0 
b3449000-b3500000 rw-p 00000000 00:00 0 
b3500000-b3740000 rwxp 00000000 00:00 0 
b3740000-b655f000 rw-p 00000000 00:00 0 
b655f000-b6600000 ---p 00000000 00:00 0 
b660a000-b6615000 r-xp 00000000 08:01 262391     /lib/i386-linux-gnu/libnss_files-2.15.so
b6615000-b6616000 r--p 0000a000 08:01 262391     /lib/i386-linux-gnu/libnss_files-2.15.so
b6616000-b6617000 rw-p 0000b000 08:01 262391     /lib/i386-linux-gnu/libnss_files-2.15.so
b6617000-b6621000 r-xp 00000000 08:01 262395     /lib/i386-linux-gnu/libnss_nis-2.15.so
b6621000-b6622000 r--p 00009000 08:01 262395     /lib/i386-linux-gnu/libnss_nis-2.15.so
b6622000-b6623000 rw-p 0000a000 08:01 262395     /lib/i386-linux-gnu/libnss_nis-2.15.so
b6623000-b6639000 r-xp 00000000 08:01 262385     /lib/i386-linux-gnu/libnsl-2.15.so
b6639000-b663a000 r--p 00015000 08:01 262385     /lib/i386-linux-gnu/libnsl-2.15.so
b663a000-b663b000 rw-p 00016000 08:01 262385     /lib/i386-linux-gnu/libnsl-2.15.so
b663b000-b663d000 rw-p 00000000 00:00 0 
b663d000-b6644000 r-xp 00000000 08:01 262387     /lib/i386-linux-gnu/libnss_compat-2.15.so
b6644000-b6645000 r--p 00006000 08:01 262387     /lib/i386-linux-gnu/libnss_compat-2.15.so
b6645000-b6646000 rw-p 00007000 08:01 262387     /lib/i386-linux-gnu/libnss_compat-2.15.so
b6649000-b6651000 r-xp 00000000 08:01 1186763    /usr/lib/jvm/java-7-openjdk-i386/jre/lib/i386/libzip.so
b6651000-b6652000 r--p 00007000 08:01 1186763    /usr/lib/jvm/java-7-openjdk-i386/jre/lib/i386/libzip.so
b6652000-b6653000 rw-p 00008000 08:01 1186763    /usr/lib/jvm/java-7-openjdk-i386/jre/lib/i386/libzip.so
b6653000-b665b000 rw-s 00000000 08:01 3014225    /tmp/hsperfdata_deximat/17063
b665b000-b6682000 r-xp 00000000 08:01 1186747    /usr/lib/jvm/java-7-openjdk-i386/jre/lib/i386/libjava.so
b6682000-b6683000 r--p 00026000 08:01 1186747    /usr/lib/jvm/java-7-openjdk-i386/jre/lib/i386/libjava.so
b6683000-b6684000 rw-p 00027000 08:01 1186747    /usr/lib/jvm/java-7-openjdk-i386/jre/lib/i386/libjava.so
b6684000-b668b000 r-xp 00000000 08:01 262430     /lib/i386-linux-gnu/librt-2.15.so
b668b000-b668c000 r--p 00006000 08:01 262430     /lib/i386-linux-gnu/librt-2.15.so
b668c000-b668d000 rw-p 00007000 08:01 262430     /lib/i386-linux-gnu/librt-2.15.so
b668d000-b6690000 ---p 00000000 00:00 0 
b6690000-b66de000 rw-p 00000000 00:00 0          [stack:17067]
b66de000-b66fa000 r-xp 00000000 08:01 262351     /lib/i386-linux-gnu/libgcc_s.so.1
b66fa000-b66fb000 r--p 0001b000 08:01 262351     /lib/i386-linux-gnu/libgcc_s.so.1
b66fb000-b66fc000 rw-p 0001c000 08:01 262351     /lib/i386-linux-gnu/libgcc_s.so.1
b66fc000-b6726000 r-xp 00000000 08:01 262368     /lib/i386-linux-gnu/libm-2.15.so
b6726000-b6727000 r--p 00029000 08:01 262368     /lib/i386-linux-gnu/libm-2.15.so
b6727000-b6728000 rw-p 0002a000 08:01 262368     /lib/i386-linux-gnu/libm-2.15.so
b6728000-b6804000 r-xp 00000000 08:01 1182748    /usr/lib/i386-linux-gnu/libstdc++.so.6.0.17
b6804000-b6805000 ---p 000dc000 08:01 1182748    /usr/lib/i386-linux-gnu/libstdc++.so.6.0.17
b6805000-b6809000 r--p 000dc000 08:01 1182748    /usr/lib/i386-linux-gnu/libstdc++.so.6.0.17
b6809000-b680a000 rw-p 000e0000 08:01 1182748    /usr/lib/i386-linux-gnu/libstdc++.so.6.0.17
b680a000-b6811000 rw-p 00000000 00:00 0 
b6811000-b7103000 r-xp 00000000 08:01 1186772    /usr/lib/jvm/java-7-openjdk-i386/jre/lib/i386/server/libjvm.so
b7103000-b714a000 r--p 008f1000 08:01 1186772    /usr/lib/jvm/java-7-openjdk-i386/jre/lib/i386/server/libjvm.so
b714a000-b715e000 rw-p 00938000 08:01 1186772    /usr/lib/jvm/java-7-openjdk-i386/jre/lib/i386/server/libjvm.so
b715e000-b757c000 rw-p 00000000 00:00 0 
b757c000-b7593000 r-xp 00000000 08:01 262460     /lib/i386-linux-gnu/libz.so.1.2.7
b7593000-b7594000 r--p 00016000 08:01 262460     /lib/i386-linux-gnu/libz.so.1.2.7
b7594000-b7595000 rw-p 00017000 08:01 262460     /lib/i386-linux-gnu/libz.so.1.2.7
b7595000-b75ac000 r-xp 00000000 08:01 262422     /lib/i386-linux-gnu/libpthread-2.15.so
b75ac000-b75ad000 r--p 00016000 08:01 262422     /lib/i386-linux-gnu/libpthread-2.15.so
b75ad000-b75ae000 rw-p 00017000 08:01 262422     /lib/i386-linux-gnu/libpthread-2.15.so
b75ae000-b75b0000 rw-p 00000000 00:00 0 
b75b0000-b75b3000 r-xp 00000000 08:01 262341     /lib/i386-linux-gnu/libdl-2.15.so
b75b3000-b75b4000 r--p 00002000 08:01 262341     /lib/i386-linux-gnu/libdl-2.15.so
b75b4000-b75b5000 rw-p 00003000 08:01 262341     /lib/i386-linux-gnu/libdl-2.15.so
b75b5000-b7758000 r-xp 00000000 08:01 262326     /lib/i386-linux-gnu/libc-2.15.so
b7758000-b7759000 ---p 001a3000 08:01 262326     /lib/i386-linux-gnu/libc-2.15.so
b7759000-b775b000 r--p 001a3000 08:01 262326     /lib/i386-linux-gnu/libc-2.15.so
b775b000-b775c000 rw-p 001a5000 08:01 262326     /lib/i386-linux-gnu/libc-2.15.so
b775c000-b775f000 rw-p 00000000 00:00 0 
b7762000-b7763000 rw-p 00000000 00:00 0 
b7763000-b7764000 r--p 00000000 00:00 0 
b7764000-b7771000 r-xp 00000000 08:01 1186762    /usr/lib/jvm/java-7-openjdk-i386/jre/lib/i386/libverify.so
b7771000-b7772000 ---p 0000d000 08:01 1186762    /usr/lib/jvm/java-7-openjdk-i386/jre/lib/i386/libverify.so
b7772000-b7773000 r--p 0000d000 08:01 1186762    /usr/lib/jvm/java-7-openjdk-i386/jre/lib/i386/libverify.so
b7773000-b7774000 rw-p 0000e000 08:01 1186762    /usr/lib/jvm/java-7-openjdk-i386/jre/lib/i386/libverify.so
b7774000-b7781000 r-xp 00000000 08:01 1186750    /usr/lib/jvm/java-7-openjdk-i386/jre/lib/i386/jli/libjli.so
b7781000-b7782000 r--p 0000c000 08:01 1186750    /usr/lib/jvm/java-7-openjdk-i386/jre/lib/i386/jli/libjli.so
b7782000-b7783000 rw-p 0000d000 08:01 1186750    /usr/lib/jvm/java-7-openjdk-i386/jre/lib/i386/jli/libjli.so
b7783000-b7786000 rw-p 00000000 00:00 0 
b7786000-b7787000 r-xp 00000000 00:00 0          [vdso]
b7787000-b77a7000 r-xp 00000000 08:01 262304     /lib/i386-linux-gnu/ld-2.15.so
b77a7000-b77a8000 r--p 0001f000 08:01 262304     /lib/i386-linux-gnu/ld-2.15.so
b77a8000-b77a9000 rw-p 00020000 08:01 262304     /lib/i386-linux-gnu/ld-2.15.so
bf9b4000-bf9d5000 rw-p 00000000 00:00 0          [stack]

VM Arguments:
jvm_args: -Dfile.encoding=UTF-8 -Xbootclasspath/p:/home/deximat/Downloads/adt-bundle-linux-x86/sdk/platforms/android-17/android.jar 
java_command: com.codlex.jsms.client.DesktopKlijent
Launcher Type: SUN_STANDARD

Environment Variables:
PATH=/usr/lib/lightdm/lightdm:/usr/local/sbin:/usr/local/bin:/usr/sbin:/usr/bin:/sbin:/bin:/usr/games:/usr/local/games
LD_LIBRARY_PATH=/usr/lib/jvm/java-7-openjdk-i386/jre/lib/i386/server:/usr/lib/jvm/java-7-openjdk-i386/jre/lib/i386:/usr/lib/jvm/java-7-openjdk-i386/jre/../lib/i386:/usr/lib/jvm/java-7-openjdk-i386/jre/lib/i386/client:/usr/lib/jvm/java-7-openjdk-i386/jre/lib/i386:
SHELL=/bin/bash
DISPLAY=:0

Signal Handlers:
SIGSEGV: [libjvm.so+0x756f80], sa_mask[0]=0x7ffbfeff, sa_flags=0x10000004
SIGBUS: [libjvm.so+0x756f80], sa_mask[0]=0x7ffbfeff, sa_flags=0x10000004
SIGFPE: [libjvm.so+0x5f3cd0], sa_mask[0]=0x7ffbfeff, sa_flags=0x10000004
SIGPIPE: [libjvm.so+0x5f3cd0], sa_mask[0]=0x7ffbfeff, sa_flags=0x10000004
SIGXFSZ: [libjvm.so+0x5f3cd0], sa_mask[0]=0x7ffbfeff, sa_flags=0x10000004
SIGILL: [libjvm.so+0x5f3cd0], sa_mask[0]=0x7ffbfeff, sa_flags=0x10000004
SIGUSR1: SIG_DFL, sa_mask[0]=0x00000000, sa_flags=0x00000000
SIGUSR2: [libjvm.so+0x5f3b80], sa_mask[0]=0x00000004, sa_flags=0x10000004
SIGHUP: SIG_DFL, sa_mask[0]=0x00000000, sa_flags=0x00000000
SIGINT: SIG_DFL, sa_mask[0]=0x00000000, sa_flags=0x00000000
SIGTERM: SIG_DFL, sa_mask[0]=0x00000000, sa_flags=0x00000000
SIGQUIT: SIG_DFL, sa_mask[0]=0x00000000, sa_flags=0x00000000


---------------  S Y S T E M  ---------------

OS:Ubuntu 12.10 (quantal)
uname:Linux 3.5.0-21-generic #32-Ubuntu SMP Tue Dec 11 18:52:46 UTC 2012 i686
libc:glibc 2.15 NPTL 2.15 
rlimit: STACK 8192k, CORE 0k, NPROC 48124, NOFILE 4096, AS infinity
load average:0.84 0.58 0.62

/proc/meminfo:
MemTotal:        6175440 kB
MemFree:          844224 kB
Buffers:           36948 kB
Cached:          2247976 kB
SwapCached:          812 kB
Active:          3288156 kB
Inactive:        1864788 kB
Active(anon):    2115076 kB
Inactive(anon):   778544 kB
Active(file):    1173080 kB
Inactive(file):  1086244 kB
Unevictable:       31296 kB
Mlocked:           31296 kB
HighTotal:       5339864 kB
HighFree:         559168 kB
LowTotal:         835576 kB
LowFree:          285056 kB
SwapTotal:       9804796 kB
SwapFree:        9764488 kB
Dirty:               984 kB
Writeback:             0 kB
AnonPages:       2898636 kB
Mapped:           138652 kB
Shmem:             19796 kB
Slab:              79976 kB
SReclaimable:      60412 kB
SUnreclaim:        19564 kB
KernelStack:        4312 kB
PageTables:        14896 kB
NFS_Unstable:          0 kB
Bounce:                0 kB
WritebackTmp:          0 kB
CommitLimit:    12892516 kB
Committed_AS:    6964456 kB
VmallocTotal:     122880 kB
VmallocUsed:       50848 kB
VmallocChunk:      63476 kB
HardwareCorrupted:     0 kB
AnonHugePages:         0 kB
HugePages_Total:       0
HugePages_Free:        0
HugePages_Rsvd:        0
HugePages_Surp:        0
Hugepagesize:       2048 kB
DirectMap4k:      124920 kB
DirectMap2M:      788480 kB


CPU:total 4 (2 cores per cpu, 2 threads per core) family 6 model 42 stepping 7, cmov, cx8, fxsr, mmx, sse, sse2, sse3, ssse3, sse4.1, sse4.2, popcnt, avx, ht, tsc, tscinvbit

/proc/cpuinfo:
processor	: 0
vendor_id	: GenuineIntel
cpu family	: 6
model		: 42
model name	: Intel(R) Core(TM) i3-2120 CPU @ 3.30GHz
stepping	: 7
microcode	: 0x25
cpu MHz		: 2100.000
cache size	: 3072 KB
physical id	: 0
siblings	: 4
core id		: 0
cpu cores	: 2
apicid		: 0
initial apicid	: 0
fdiv_bug	: no
hlt_bug		: no
f00f_bug	: no
coma_bug	: no
fpu		: yes
fpu_exception	: yes
cpuid level	: 13
wp		: yes
flags		: fpu vme de pse tsc msr pae mce cx8 apic sep mtrr pge mca cmov pat pse36 clflush dts acpi mmx fxsr sse sse2 ss ht tm pbe nx rdtscp lm constant_tsc arch_perfmon pebs bts xtopology nonstop_tsc aperfmperf pni pclmulqdq dtes64 monitor ds_cpl vmx est tm2 ssse3 cx16 xtpr pdcm pcid sse4_1 sse4_2 popcnt tsc_deadline_timer xsave avx lahf_lm arat epb xsaveopt pln pts dtherm tpr_shadow vnmi flexpriority ept vpid
bogomips	: 6600.36
clflush size	: 64
cache_alignment	: 64
address sizes	: 36 bits physical, 48 bits virtual
power management:

processor	: 1
vendor_id	: GenuineIntel
cpu family	: 6
model		: 42
model name	: Intel(R) Core(TM) i3-2120 CPU @ 3.30GHz
stepping	: 7
microcode	: 0x25
cpu MHz		: 1800.000
cache size	: 3072 KB
physical id	: 0
siblings	: 4
core id		: 1
cpu cores	: 2
apicid		: 2
initial apicid	: 2
fdiv_bug	: no
hlt_bug		: no
f00f_bug	: no
coma_bug	: no
fpu		: yes
fpu_exception	: yes
cpuid level	: 13
wp		: yes
flags		: fpu vme de pse tsc msr pae mce cx8 apic sep mtrr pge mca cmov pat pse36 clflush dts acpi mmx fxsr sse sse2 ss ht tm pbe nx rdtscp lm constant_tsc arch_perfmon pebs bts xtopology nonstop_tsc aperfmperf pni pclmulqdq dtes64 monitor ds_cpl vmx est tm2 ssse3 cx16 xtpr pdcm pcid sse4_1 sse4_2 popcnt tsc_deadline_timer xsave avx lahf_lm arat epb xsaveopt pln pts dtherm tpr_shadow vnmi flexpriority ept vpid
bogomips	: 6600.36
clflush size	: 64
cache_alignment	: 64
address sizes	: 36 bits physical, 48 bits virtual
power management:

processor	: 2
vendor_id	: GenuineIntel
cpu family	: 6
model		: 42
model name	: Intel(R) Core(TM) i3-2120 CPU @ 3.30GHz
stepping	: 7
microcode	: 0x25
cpu MHz		: 3300.000
cache size	: 3072 KB
physical id	: 0
siblings	: 4
core id		: 0
cpu cores	: 2
apicid		: 1
initial apicid	: 1
fdiv_bug	: no
hlt_bug		: no
f00f_bug	: no
coma_bug	: no
fpu		: yes
fpu_exception	: yes
cpuid level	: 13
wp		: yes
flags		: fpu vme de pse tsc msr pae mce cx8 apic sep mtrr pge mca cmov pat pse36 clflush dts acpi mmx fxsr sse sse2 ss ht tm pbe nx rdtscp lm constant_tsc arch_perfmon pebs bts xtopology nonstop_tsc aperfmperf pni pclmulqdq dtes64 monitor ds_cpl vmx est tm2 ssse3 cx16 xtpr pdcm pcid sse4_1 sse4_2 popcnt tsc_deadline_timer xsave avx lahf_lm arat epb xsaveopt pln pts dtherm tpr_shadow vnmi flexpriority ept vpid
bogomips	: 6600.36
clflush size	: 64
cache_alignment	: 64
address sizes	: 36 bits physical, 48 bits virtual
power management:

processor	: 3
vendor_id	: GenuineIntel
cpu family	: 6
model		: 42
model name	: Intel(R) Core(TM) i3-2120 CPU @ 3.30GHz
stepping	: 7
microcode	: 0x25
cpu MHz		: 2200.000
cache size	: 3072 KB
physical id	: 0
siblings	: 4
core id		: 1
cpu cores	: 2
apicid		: 3
initial apicid	: 3
fdiv_bug	: no
hlt_bug		: no
f00f_bug	: no
coma_bug	: no
fpu		: yes
fpu_exception	: yes
cpuid level	: 13
wp		: yes
flags		: fpu vme de pse tsc msr pae mce cx8 apic sep mtrr pge mca cmov pat pse36 clflush dts acpi mmx fxsr sse sse2 ss ht tm pbe nx rdtscp lm constant_tsc arch_perfmon pebs bts xtopology nonstop_tsc aperfmperf pni pclmulqdq dtes64 monitor ds_cpl vmx est tm2 ssse3 cx16 xtpr pdcm pcid sse4_1 sse4_2 popcnt tsc_deadline_timer xsave avx lahf_lm arat epb xsaveopt pln pts dtherm tpr_shadow vnmi flexpriority ept vpid
bogomips	: 6600.36
clflush size	: 64
cache_alignment	: 64
address sizes	: 36 bits physical, 48 bits virtual
power management:



Memory: 4k page, physical 6175440k(844224k free), swap 9804796k(9764488k free)

vm_info: OpenJDK Server VM (23.2-b09) for linux-x86 JRE (1.7.0_09-b30), built on Oct 24 2012 18:03:08 by "buildd" with gcc 4.7.2

time: Wed Jan  9 23:44:27 2013
elapsed time: 0 seconds

