#
# A fatal error has been detected by the Java Runtime Environment:
#
#  Internal Error (javaClasses.cpp:129), pid=17033, tid=3060378432
#  fatal error: Invalid layout of preloaded class
#
# JRE version: 7.0_09-b30
# Java VM: OpenJDK Server VM (23.2-b09 mixed mode linux-x86 )
# Failed to write core dump. Core dumps have been disabled. To enable core dumping, try "ulimit -c unlimited" before starting Java again
#
# If you would like to submit a bug report, please include
# instructions on how to reproduce the bug and visit:
#   https://bugs.launchpad.net/ubuntu/+source/openjdk-7/
#

---------------  T H R E A D  ---------------

Current thread (0xb6506c00):  JavaThread "Unknown thread" [_thread_in_vm, id=17040, stack(0xb664a000,0xb669b000)]

Stack: [0xb664a000,0xb669b000]
[error occurred during error reporting (printing stack bounds), id 0xb]


[error occurred during error reporting (printing native stack), id 0xb]


---------------  P R O C E S S  ---------------

Java Threads: ( => current thread )

Other Threads:

=>0xb6506c00 (exited) JavaThread "Unknown thread" [_thread_in_vm, id=17040, stack(0xb664a000,0xb669b000)]

VM state:not at safepoint (not fully initialized)

VM Mutex/Monitor currently owned by a thread: None

GC Heap History (0 events):
No events

Deoptimization events (0 events):
No events

Internal exceptions (0 events):
No events

Events (10 events):
Event: 0.352 loading class 0xb6535620 done
Event: 0.352 loading class 0xb6534f60 done
Event: 0.352 loading class 0xb6534f38
Event: 0.352 loading class 0xb6554e00
Event: 0.352 loading class 0xb6554e00 done
Event: 0.352 loading class 0xb6554e38
Event: 0.352 loading class 0xb6554e38 done
Event: 0.352 loading class 0xb6554e70
Event: 0.352 loading class 0xb6554e70 done
Event: 0.352 loading class 0xb6534f38 done


Dynamic libraries:
08048000-08049000 r-xp 00000000 08:01 1186735    /usr/lib/jvm/java-7-openjdk-i386/jre/bin/java
08049000-0804a000 r--p 00000000 08:01 1186735    /usr/lib/jvm/java-7-openjdk-i386/jre/bin/java
0804a000-0804b000 rw-p 00001000 08:01 1186735    /usr/lib/jvm/java-7-openjdk-i386/jre/bin/java
090f6000-09117000 rw-p 00000000 00:00 0          [heap]
678d7000-678fb000 rw-p 00000000 00:00 0 
678fb000-679c0000 r--s 0115c000 08:02 3804541    /home/deximat/Downloads/adt-bundle-linux-x86/sdk/platforms/android-17/android.jar
679c0000-6a900000 rw-p 00000000 00:00 0 
6a900000-6a921000 rw-p 00000000 00:00 0 
6a921000-6aa00000 ---p 00000000 00:00 0 
6aa7f000-6aa80000 ---p 00000000 00:00 0 
6aa80000-6ab00000 rw-p 00000000 00:00 0          [stack:17044]
6ab00000-6ab21000 rw-p 00000000 00:00 0 
6ab21000-6ac00000 ---p 00000000 00:00 0 
6ac00000-6ac21000 rw-p 00000000 00:00 0 
6ac21000-6ad00000 ---p 00000000 00:00 0 
6ad7f000-6ad80000 ---p 00000000 00:00 0 
6ad80000-6ae00000 rw-p 00000000 00:00 0          [stack:17043]
6ae00000-6ae21000 rw-p 00000000 00:00 0 
6ae21000-6af00000 ---p 00000000 00:00 0 
6af27000-6af28000 ---p 00000000 00:00 0 
6af28000-6afa8000 rw-p 00000000 00:00 0          [stack:17042]
6afa8000-6afa9000 ---p 00000000 00:00 0 
6afa9000-6b031000 rw-p 00000000 00:00 0          [stack:17041]
6b031000-6b069000 rw-p 00000000 00:00 0 
6b069000-6b07f000 rw-p 00000000 00:00 0 
6b07f000-6b1bf000 rw-p 00000000 00:00 0 
6b1bf000-6b1c7000 rw-p 00000000 00:00 0 
6b1c7000-6b1ff000 rw-p 00000000 00:00 0 
6b1ff000-6b215000 rw-p 00000000 00:00 0 
6b215000-6b354000 rw-p 00000000 00:00 0 
6b354000-6b35f000 rw-p 00000000 00:00 0 
6b35f000-6b3ff000 rw-p 00000000 00:00 0 
6b3ff000-6c400000 rw-p 00000000 00:00 0 
6c400000-73400000 rw-p 00000000 00:00 0 
73400000-75eb0000 rw-p 00000000 00:00 0 
75eb0000-9deb0000 rw-p 00000000 00:00 0 
9deb0000-9f400000 rw-p 00000000 00:00 0 
9f400000-b3400000 rw-p 00000000 00:00 0 
b3404000-b340d000 rw-p 00000000 00:00 0 
b340d000-b34c4000 rw-p 00000000 00:00 0 
b34c4000-b3704000 rwxp 00000000 00:00 0 
b3704000-b64c4000 rw-p 00000000 00:00 0 
b64c4000-b64cf000 r-xp 00000000 08:01 262391     /lib/i386-linux-gnu/libnss_files-2.15.so
b64cf000-b64d0000 r--p 0000a000 08:01 262391     /lib/i386-linux-gnu/libnss_files-2.15.so
b64d0000-b64d1000 rw-p 0000b000 08:01 262391     /lib/i386-linux-gnu/libnss_files-2.15.so
b64d1000-b64db000 r-xp 00000000 08:01 262395     /lib/i386-linux-gnu/libnss_nis-2.15.so
b64db000-b64dc000 r--p 00009000 08:01 262395     /lib/i386-linux-gnu/libnss_nis-2.15.so
b64dc000-b64dd000 rw-p 0000a000 08:01 262395     /lib/i386-linux-gnu/libnss_nis-2.15.so
b64dd000-b64f3000 r-xp 00000000 08:01 262385     /lib/i386-linux-gnu/libnsl-2.15.so
b64f3000-b64f4000 r--p 00015000 08:01 262385     /lib/i386-linux-gnu/libnsl-2.15.so
b64f4000-b64f5000 rw-p 00016000 08:01 262385     /lib/i386-linux-gnu/libnsl-2.15.so
b64f5000-b64f7000 rw-p 00000000 00:00 0 
b64f7000-b64fe000 r-xp 00000000 08:01 262387     /lib/i386-linux-gnu/libnss_compat-2.15.so
b64fe000-b64ff000 r--p 00006000 08:01 262387     /lib/i386-linux-gnu/libnss_compat-2.15.so
b64ff000-b6500000 rw-p 00007000 08:01 262387     /lib/i386-linux-gnu/libnss_compat-2.15.so
b6500000-b655f000 rw-p 00000000 00:00 0 
b655f000-b6600000 ---p 00000000 00:00 0 
b6606000-b660e000 r-xp 00000000 08:01 1186763    /usr/lib/jvm/java-7-openjdk-i386/jre/lib/i386/libzip.so
b660e000-b660f000 r--p 00007000 08:01 1186763    /usr/lib/jvm/java-7-openjdk-i386/jre/lib/i386/libzip.so
b660f000-b6610000 rw-p 00008000 08:01 1186763    /usr/lib/jvm/java-7-openjdk-i386/jre/lib/i386/libzip.so
b6610000-b6618000 rw-s 00000000 08:01 3014225    /tmp/hsperfdata_deximat/17033
b6618000-b663f000 r-xp 00000000 08:01 1186747    /usr/lib/jvm/java-7-openjdk-i386/jre/lib/i386/libjava.so
b663f000-b6640000 r--p 00026000 08:01 1186747    /usr/lib/jvm/java-7-openjdk-i386/jre/lib/i386/libjava.so
b6640000-b6641000 rw-p 00027000 08:01 1186747    /usr/lib/jvm/java-7-openjdk-i386/jre/lib/i386/libjava.so
b6641000-b6648000 r-xp 00000000 08:01 262430     /lib/i386-linux-gnu/librt-2.15.so
b6648000-b6649000 r--p 00006000 08:01 262430     /lib/i386-linux-gnu/librt-2.15.so
b6649000-b664a000 rw-p 00007000 08:01 262430     /lib/i386-linux-gnu/librt-2.15.so
b664a000-b664d000 ---p 00000000 00:00 0 
b664d000-b669b000 rw-p 00000000 00:00 0          [stack:17040]
b669b000-b66b7000 r-xp 00000000 08:01 262351     /lib/i386-linux-gnu/libgcc_s.so.1
b66b7000-b66b8000 r--p 0001b000 08:01 262351     /lib/i386-linux-gnu/libgcc_s.so.1
b66b8000-b66b9000 rw-p 0001c000 08:01 262351     /lib/i386-linux-gnu/libgcc_s.so.1
b66b9000-b66e3000 r-xp 00000000 08:01 262368     /lib/i386-linux-gnu/libm-2.15.so
b66e3000-b66e4000 r--p 00029000 08:01 262368     /lib/i386-linux-gnu/libm-2.15.so
b66e4000-b66e5000 rw-p 0002a000 08:01 262368     /lib/i386-linux-gnu/libm-2.15.so
b66e5000-b67c1000 r-xp 00000000 08:01 1182748    /usr/lib/i386-linux-gnu/libstdc++.so.6.0.17
b67c1000-b67c2000 ---p 000dc000 08:01 1182748    /usr/lib/i386-linux-gnu/libstdc++.so.6.0.17
b67c2000-b67c6000 r--p 000dc000 08:01 1182748    /usr/lib/i386-linux-gnu/libstdc++.so.6.0.17
b67c6000-b67c7000 rw-p 000e0000 08:01 1182748    /usr/lib/i386-linux-gnu/libstdc++.so.6.0.17
b67c7000-b67ce000 rw-p 00000000 00:00 0 
b67ce000-b70c0000 r-xp 00000000 08:01 1186772    /usr/lib/jvm/java-7-openjdk-i386/jre/lib/i386/server/libjvm.so
b70c0000-b7107000 r--p 008f1000 08:01 1186772    /usr/lib/jvm/java-7-openjdk-i386/jre/lib/i386/server/libjvm.so
b7107000-b711b000 rw-p 00938000 08:01 1186772    /usr/lib/jvm/java-7-openjdk-i386/jre/lib/i386/server/libjvm.so
b711b000-b7539000 rw-p 00000000 00:00 0 
b7539000-b7550000 r-xp 00000000 08:01 262460     /lib/i386-linux-gnu/libz.so.1.2.7
b7550000-b7551000 r--p 00016000 08:01 262460     /lib/i386-linux-gnu/libz.so.1.2.7
b7551000-b7552000 rw-p 00017000 08:01 262460     /lib/i386-linux-gnu/libz.so.1.2.7
b7552000-b7569000 r-xp 00000000 08:01 262422     /lib/i386-linux-gnu/libpthread-2.15.so
b7569000-b756a000 r--p 00016000 08:01 262422     /lib/i386-linux-gnu/libpthread-2.15.so
b756a000-b756b000 rw-p 00017000 08:01 262422     /lib/i386-linux-gnu/libpthread-2.15.so
b756b000-b756d000 rw-p 00000000 00:00 0 
b756d000-b7570000 r-xp 00000000 08:01 262341     /lib/i386-linux-gnu/libdl-2.15.so
b7570000-b7571000 r--p 00002000 08:01 262341     /lib/i386-linux-gnu/libdl-2.15.so
b7571000-b7572000 rw-p 00003000 08:01 262341     /lib/i386-linux-gnu/libdl-2.15.so
b7572000-b7715000 r-xp 00000000 08:01 262326     /lib/i386-linux-gnu/libc-2.15.so
b7715000-b7716000 ---p 001a3000 08:01 262326     /lib/i386-linux-gnu/libc-2.15.so
b7716000-b7718000 r--p 001a3000 08:01 262326     /lib/i386-linux-gnu/libc-2.15.so
b7718000-b7719000 rw-p 001a5000 08:01 262326     /lib/i386-linux-gnu/libc-2.15.so
b7719000-b771c000 rw-p 00000000 00:00 0 
b771f000-b7720000 rw-p 00000000 00:00 0 
b7720000-b7721000 r--p 00000000 00:00 0 
b7721000-b772e000 r-xp 00000000 08:01 1186762    /usr/lib/jvm/java-7-openjdk-i386/jre/lib/i386/libverify.so
b772e000-b772f000 ---p 0000d000 08:01 1186762    /usr/lib/jvm/java-7-openjdk-i386/jre/lib/i386/libverify.so
b772f000-b7730000 r--p 0000d000 08:01 1186762    /usr/lib/jvm/java-7-openjdk-i386/jre/lib/i386/libverify.so
b7730000-b7731000 rw-p 0000e000 08:01 1186762    /usr/lib/jvm/java-7-openjdk-i386/jre/lib/i386/libverify.so
b7731000-b773e000 r-xp 00000000 08:01 1186750    /usr/lib/jvm/java-7-openjdk-i386/jre/lib/i386/jli/libjli.so
b773e000-b773f000 r--p 0000c000 08:01 1186750    /usr/lib/jvm/java-7-openjdk-i386/jre/lib/i386/jli/libjli.so
b773f000-b7740000 rw-p 0000d000 08:01 1186750    /usr/lib/jvm/java-7-openjdk-i386/jre/lib/i386/jli/libjli.so
b7740000-b7743000 rw-p 00000000 00:00 0 
b7743000-b7744000 r-xp 00000000 00:00 0          [vdso]
b7744000-b7764000 r-xp 00000000 08:01 262304     /lib/i386-linux-gnu/ld-2.15.so
b7764000-b7765000 r--p 0001f000 08:01 262304     /lib/i386-linux-gnu/ld-2.15.so
b7765000-b7766000 rw-p 00020000 08:01 262304     /lib/i386-linux-gnu/ld-2.15.so
bfc74000-bfc95000 rw-p 00000000 00:00 0          [stack]

VM Arguments:
jvm_args: -Dfile.encoding=UTF-8 -Xbootclasspath/p:/home/deximat/Downloads/adt-bundle-linux-x86/sdk/platforms/android-17/android.jar 
java_command: com.codlex.jsms.client.DesktopKlijent
Launcher Type: SUN_STANDARD

Environment Variables:
PATH=/usr/lib/lightdm/lightdm:/usr/local/sbin:/usr/local/bin:/usr/sbin:/usr/bin:/sbin:/bin:/usr/games:/usr/local/games
LD_LIBRARY_PATH=/usr/lib/jvm/java-7-openjdk-i386/jre/lib/i386/server:/usr/lib/jvm/java-7-openjdk-i386/jre/lib/i386:/usr/lib/jvm/java-7-openjdk-i386/jre/../lib/i386:/usr/lib/jvm/java-7-openjdk-i386/jre/lib/i386/client:/usr/lib/jvm/java-7-openjdk-i386/jre/lib/i386:
SHELL=/bin/bash
DISPLAY=:0

Signal Handlers:
SIGSEGV: [libjvm.so+0x756f80], sa_mask[0]=0x7ffbfeff, sa_flags=0x10000004
SIGBUS: [libjvm.so+0x756f80], sa_mask[0]=0x7ffbfeff, sa_flags=0x10000004
SIGFPE: [libjvm.so+0x5f3cd0], sa_mask[0]=0x7ffbfeff, sa_flags=0x10000004
SIGPIPE: [libjvm.so+0x5f3cd0], sa_mask[0]=0x7ffbfeff, sa_flags=0x10000004
SIGXFSZ: [libjvm.so+0x5f3cd0], sa_mask[0]=0x7ffbfeff, sa_flags=0x10000004
SIGILL: [libjvm.so+0x5f3cd0], sa_mask[0]=0x7ffbfeff, sa_flags=0x10000004
SIGUSR1: SIG_DFL, sa_mask[0]=0x00000000, sa_flags=0x00000000
SIGUSR2: [libjvm.so+0x5f3b80], sa_mask[0]=0x00000004, sa_flags=0x10000004
SIGHUP: SIG_DFL, sa_mask[0]=0x00000000, sa_flags=0x00000000
SIGINT: SIG_DFL, sa_mask[0]=0x00000000, sa_flags=0x00000000
SIGTERM: SIG_DFL, sa_mask[0]=0x00000000, sa_flags=0x00000000
SIGQUIT: SIG_DFL, sa_mask[0]=0x00000000, sa_flags=0x00000000


---------------  S Y S T E M  ---------------

OS:Ubuntu 12.10 (quantal)
uname:Linux 3.5.0-21-generic #32-Ubuntu SMP Tue Dec 11 18:52:46 UTC 2012 i686
libc:glibc 2.15 NPTL 2.15 
rlimit: STACK 8192k, CORE 0k, NPROC 48124, NOFILE 4096, AS infinity
load average:0.38 0.48 0.58

/proc/meminfo:
MemTotal:        6175440 kB
MemFree:          882508 kB
Buffers:           33564 kB
Cached:          2228664 kB
SwapCached:          320 kB
Active:          3266028 kB
Inactive:        1848000 kB
Active(anon):    2099804 kB
Inactive(anon):   777936 kB
Active(file):    1166224 kB
Inactive(file):  1070064 kB
Unevictable:       31296 kB
Mlocked:           31296 kB
HighTotal:       5339864 kB
HighFree:         594384 kB
LowTotal:         835576 kB
LowFree:          288124 kB
SwapTotal:       9804796 kB
SwapFree:        9764340 kB
Dirty:               180 kB
Writeback:             0 kB
AnonPages:       2883068 kB
Mapped:           134188 kB
Shmem:             19796 kB
Slab:              79804 kB
SReclaimable:      60292 kB
SUnreclaim:        19512 kB
KernelStack:        4272 kB
PageTables:        14764 kB
NFS_Unstable:          0 kB
Bounce:                0 kB
WritebackTmp:          0 kB
CommitLimit:    12892516 kB
Committed_AS:    6931872 kB
VmallocTotal:     122880 kB
VmallocUsed:       50848 kB
VmallocChunk:      63476 kB
HardwareCorrupted:     0 kB
AnonHugePages:         0 kB
HugePages_Total:       0
HugePages_Free:        0
HugePages_Rsvd:        0
HugePages_Surp:        0
Hugepagesize:       2048 kB
DirectMap4k:      124920 kB
DirectMap2M:      788480 kB


CPU:total 4 (2 cores per cpu, 2 threads per core) family 6 model 42 stepping 7, cmov, cx8, fxsr, mmx, sse, sse2, sse3, ssse3, sse4.1, sse4.2, popcnt, avx, ht, tsc, tscinvbit

/proc/cpuinfo:
processor	: 0
vendor_id	: GenuineIntel
cpu family	: 6
model		: 42
model name	: Intel(R) Core(TM) i3-2120 CPU @ 3.30GHz
stepping	: 7
microcode	: 0x25
cpu MHz		: 3300.000
cache size	: 3072 KB
physical id	: 0
siblings	: 4
core id		: 0
cpu cores	: 2
apicid		: 0
initial apicid	: 0
fdiv_bug	: no
hlt_bug		: no
f00f_bug	: no
coma_bug	: no
fpu		: yes
fpu_exception	: yes
cpuid level	: 13
wp		: yes
flags		: fpu vme de pse tsc msr pae mce cx8 apic sep mtrr pge mca cmov pat pse36 clflush dts acpi mmx fxsr sse sse2 ss ht tm pbe nx rdtscp lm constant_tsc arch_perfmon pebs bts xtopology nonstop_tsc aperfmperf pni pclmulqdq dtes64 monitor ds_cpl vmx est tm2 ssse3 cx16 xtpr pdcm pcid sse4_1 sse4_2 popcnt tsc_deadline_timer xsave avx lahf_lm arat epb xsaveopt pln pts dtherm tpr_shadow vnmi flexpriority ept vpid
bogomips	: 6600.36
clflush size	: 64
cache_alignment	: 64
address sizes	: 36 bits physical, 48 bits virtual
power management:

processor	: 1
vendor_id	: GenuineIntel
cpu family	: 6
model		: 42
model name	: Intel(R) Core(TM) i3-2120 CPU @ 3.30GHz
stepping	: 7
microcode	: 0x25
cpu MHz		: 1600.000
cache size	: 3072 KB
physical id	: 0
siblings	: 4
core id		: 1
cpu cores	: 2
apicid		: 2
initial apicid	: 2
fdiv_bug	: no
hlt_bug		: no
f00f_bug	: no
coma_bug	: no
fpu		: yes
fpu_exception	: yes
cpuid level	: 13
wp		: yes
flags		: fpu vme de pse tsc msr pae mce cx8 apic sep mtrr pge mca cmov pat pse36 clflush dts acpi mmx fxsr sse sse2 ss ht tm pbe nx rdtscp lm constant_tsc arch_perfmon pebs bts xtopology nonstop_tsc aperfmperf pni pclmulqdq dtes64 monitor ds_cpl vmx est tm2 ssse3 cx16 xtpr pdcm pcid sse4_1 sse4_2 popcnt tsc_deadline_timer xsave avx lahf_lm arat epb xsaveopt pln pts dtherm tpr_shadow vnmi flexpriority ept vpid
bogomips	: 6600.36
clflush size	: 64
cache_alignment	: 64
address sizes	: 36 bits physical, 48 bits virtual
power management:

processor	: 2
vendor_id	: GenuineIntel
cpu family	: 6
model		: 42
model name	: Intel(R) Core(TM) i3-2120 CPU @ 3.30GHz
stepping	: 7
microcode	: 0x25
cpu MHz		: 1600.000
cache size	: 3072 KB
physical id	: 0
siblings	: 4
core id		: 0
cpu cores	: 2
apicid		: 1
initial apicid	: 1
fdiv_bug	: no
hlt_bug		: no
f00f_bug	: no
coma_bug	: no
fpu		: yes
fpu_exception	: yes
cpuid level	: 13
wp		: yes
flags		: fpu vme de pse tsc msr pae mce cx8 apic sep mtrr pge mca cmov pat pse36 clflush dts acpi mmx fxsr sse sse2 ss ht tm pbe nx rdtscp lm constant_tsc arch_perfmon pebs bts xtopology nonstop_tsc aperfmperf pni pclmulqdq dtes64 monitor ds_cpl vmx est tm2 ssse3 cx16 xtpr pdcm pcid sse4_1 sse4_2 popcnt tsc_deadline_timer xsave avx lahf_lm arat epb xsaveopt pln pts dtherm tpr_shadow vnmi flexpriority ept vpid
bogomips	: 6600.36
clflush size	: 64
cache_alignment	: 64
address sizes	: 36 bits physical, 48 bits virtual
power management:

processor	: 3
vendor_id	: GenuineIntel
cpu family	: 6
model		: 42
model name	: Intel(R) Core(TM) i3-2120 CPU @ 3.30GHz
stepping	: 7
microcode	: 0x25
cpu MHz		: 1600.000
cache size	: 3072 KB
physical id	: 0
siblings	: 4
core id		: 1
cpu cores	: 2
apicid		: 3
initial apicid	: 3
fdiv_bug	: no
hlt_bug		: no
f00f_bug	: no
coma_bug	: no
fpu		: yes
fpu_exception	: yes
cpuid level	: 13
wp		: yes
flags		: fpu vme de pse tsc msr pae mce cx8 apic sep mtrr pge mca cmov pat pse36 clflush dts acpi mmx fxsr sse sse2 ss ht tm pbe nx rdtscp lm constant_tsc arch_perfmon pebs bts xtopology nonstop_tsc aperfmperf pni pclmulqdq dtes64 monitor ds_cpl vmx est tm2 ssse3 cx16 xtpr pdcm pcid sse4_1 sse4_2 popcnt tsc_deadline_timer xsave avx lahf_lm arat epb xsaveopt pln pts dtherm tpr_shadow vnmi flexpriority ept vpid
bogomips	: 6600.36
clflush size	: 64
cache_alignment	: 64
address sizes	: 36 bits physical, 48 bits virtual
power management:



Memory: 4k page, physical 6175440k(882508k free), swap 9804796k(9764340k free)

vm_info: OpenJDK Server VM (23.2-b09) for linux-x86 JRE (1.7.0_09-b30), built on Oct 24 2012 18:03:08 by "buildd" with gcc 4.7.2

time: Wed Jan  9 23:44:18 2013
elapsed time: 0 seconds

